<?xml version="1.0" encoding="utf-8"?><testsuites name="pytest tests"><testsuite name="pytest" errors="0" failures="0" skipped="0" tests="16" time="2.319" timestamp="2026-02-28T13:32:44.071614+00:00" hostname="agent-env-13e2de8e-00d7-4a1d-87c3-77fbf6d828fc"><testcase classname="backend.tests.test_healthcare_api.TestHealthCheck" name="test_health_endpoint" time="0.129" /><testcase classname="backend.tests.test_healthcare_api.TestPatientAuthentication" name="test_patient_login_success" time="0.336" /><testcase classname="backend.tests.test_healthcare_api.TestPatientAuthentication" name="test_patient_auth_me" time="0.106" /><testcase classname="backend.tests.test_healthcare_api.TestDoctorAuthentication" name="test_doctor_login_success" time="0.329" /><testcase classname="backend.tests.test_healthcare_api.TestDoctorsList" name="test_get_doctors_list" time="0.103" /><testcase classname="backend.tests.test_healthcare_api.TestDoctorsList" name="test_get_doctors_with_filters" time="0.132" /><testcase classname="backend.tests.test_healthcare_api.TestDoctorAvailability" name="test_get_doctor_availability" time="0.104" /><testcase classname="backend.tests.test_healthcare_api.TestDoctorAvailability" name="test_get_available_slots" time="0.115" /><testcase classname="backend.tests.test_healthcare_api.TestCreateAppointment" name="test_create_appointment" time="0.116" /><testcase classname="backend.tests.test_healthcare_api.TestRazorpayMockPayment" name="test_create_razorpay_order_mock" time="0.114" /><testcase classname="backend.tests.test_healthcare_api.TestRazorpayMockPayment" name="test_verify_razorpay_payment_mock" time="0.135" /><testcase classname="backend.tests.test_healthcare_api.TestRazorpayMockPayment" name="test_get_razorpay_payment_status" time="0.122" /><testcase classname="backend.tests.test_healthcare_api.TestAppointmentsList" name="test_get_patient_appointments" time="0.111" /><testcase classname="backend.tests.test_healthcare_api.TestReviewsAPI" name="test_create_review" time="0.108" /><testcase classname="backend.tests.test_healthcare_api.TestReviewsAPI" name="test_get_doctor_reviews" time="0.098" /><testcase classname="backend.tests.test_healthcare_api.TestCleanup" name="test_cleanup_test_appointment" time="0.108" /></testsuite></testsuites>